Warning[205] C:\USERS\JAVIE\ONEDRIVE\ESCRITORIO\VOLTAGECONTROL\VOLTAGECONTROLLER.ASM 1 : Found directive in column 1. (LIST)
Warning[205] C:\USERS\JAVIE\ONEDRIVE\ESCRITORIO\VOLTAGECONTROL\VOLTAGECONTROLLER.ASM 4 : Found directive in column 1. (__CONFIG)
Warning[205] C:\USERS\JAVIE\ONEDRIVE\ESCRITORIO\VOLTAGECONTROL\VOLTAGECONTROLLER.ASM 9 : Found directive in column 1. (ORG)
Warning[203] C:\USERS\JAVIE\ONEDRIVE\ESCRITORIO\VOLTAGECONTROL\VOLTAGECONTROLLER.ASM 10 : Found opcode in column 1. (MOVLW)
Warning[203] C:\USERS\JAVIE\ONEDRIVE\ESCRITORIO\VOLTAGECONTROL\VOLTAGECONTROLLER.ASM 11 : Found opcode in column 1. (MOVWF)
Warning[203] C:\USERS\JAVIE\ONEDRIVE\ESCRITORIO\VOLTAGECONTROL\VOLTAGECONTROLLER.ASM 14 : Found opcode in column 1. (BCF)
Warning[203] C:\USERS\JAVIE\ONEDRIVE\ESCRITORIO\VOLTAGECONTROL\VOLTAGECONTROLLER.ASM 15 : Found opcode in column 1. (CLRF)
Warning[203] C:\USERS\JAVIE\ONEDRIVE\ESCRITORIO\VOLTAGECONTROL\VOLTAGECONTROLLER.ASM 16 : Found opcode in column 1. (MOVLW)
Warning[203] C:\USERS\JAVIE\ONEDRIVE\ESCRITORIO\VOLTAGECONTROL\VOLTAGECONTROLLER.ASM 17 : Found opcode in column 1. (MOVWF)
Warning[203] C:\USERS\JAVIE\ONEDRIVE\ESCRITORIO\VOLTAGECONTROL\VOLTAGECONTROLLER.ASM 18 : Found opcode in column 1. (MOVLW)
Warning[203] C:\USERS\JAVIE\ONEDRIVE\ESCRITORIO\VOLTAGECONTROL\VOLTAGECONTROLLER.ASM 19 : Found opcode in column 1. (MOVWF)
Warning[203] C:\USERS\JAVIE\ONEDRIVE\ESCRITORIO\VOLTAGECONTROL\VOLTAGECONTROLLER.ASM 20 : Found opcode in column 1. (BSF)
Warning[203] C:\USERS\JAVIE\ONEDRIVE\ESCRITORIO\VOLTAGECONTROL\VOLTAGECONTROLLER.ASM 21 : Found opcode in column 1. (MOVLW)
Warning[203] C:\USERS\JAVIE\ONEDRIVE\ESCRITORIO\VOLTAGECONTROL\VOLTAGECONTROLLER.ASM 22 : Found opcode in column 1. (MOVWF)
Message[302] C:\USERS\JAVIE\ONEDRIVE\ESCRITORIO\VOLTAGECONTROL\VOLTAGECONTROLLER.ASM 22 : Register in operand not in bank 0.  Ensure that bank bits are correct.
Warning[203] C:\USERS\JAVIE\ONEDRIVE\ESCRITORIO\VOLTAGECONTROL\VOLTAGECONTROLLER.ASM 23 : Found opcode in column 1. (MOVLW)
Warning[203] C:\USERS\JAVIE\ONEDRIVE\ESCRITORIO\VOLTAGECONTROL\VOLTAGECONTROLLER.ASM 24 : Found opcode in column 1. (MOVWF)
Message[302] C:\USERS\JAVIE\ONEDRIVE\ESCRITORIO\VOLTAGECONTROL\VOLTAGECONTROLLER.ASM 24 : Register in operand not in bank 0.  Ensure that bank bits are correct.
Warning[203] C:\USERS\JAVIE\ONEDRIVE\ESCRITORIO\VOLTAGECONTROL\VOLTAGECONTROLLER.ASM 25 : Found opcode in column 1. (MOVLW)
Warning[204] C:\USERS\JAVIE\ONEDRIVE\ESCRITORIO\VOLTAGECONTROL\VOLTAGECONTROLLER.ASM 26 : Found pseudo-op in column 1. (MOVFW)
Message[302] C:\USERS\JAVIE\ONEDRIVE\ESCRITORIO\VOLTAGECONTROL\VOLTAGECONTROLLER.ASM 26 : Register in operand not in bank 0.  Ensure that bank bits are correct.
Warning[203] C:\USERS\JAVIE\ONEDRIVE\ESCRITORIO\VOLTAGECONTROL\VOLTAGECONTROLLER.ASM 27 : Found opcode in column 1. (MOVLW)
Warning[203] C:\USERS\JAVIE\ONEDRIVE\ESCRITORIO\VOLTAGECONTROL\VOLTAGECONTROLLER.ASM 28 : Found opcode in column 1. (MOVWF)
Warning[203] C:\USERS\JAVIE\ONEDRIVE\ESCRITORIO\VOLTAGECONTROL\VOLTAGECONTROLLER.ASM 29 : Found opcode in column 1. (MOVLW)
Warning[203] C:\USERS\JAVIE\ONEDRIVE\ESCRITORIO\VOLTAGECONTROL\VOLTAGECONTROLLER.ASM 30 : Found opcode in column 1. (MOVWF)
Warning[203] C:\USERS\JAVIE\ONEDRIVE\ESCRITORIO\VOLTAGECONTROL\VOLTAGECONTROLLER.ASM 31 : Found opcode in column 1. (BCF)
Message[302] C:\USERS\JAVIE\ONEDRIVE\ESCRITORIO\VOLTAGECONTROL\VOLTAGECONTROLLER.ASM 47 : Register in operand not in bank 0.  Ensure that bank bits are correct.
Warning[205] C:\USERS\JAVIE\ONEDRIVE\ESCRITORIO\VOLTAGECONTROL\VOLTAGECONTROLLER.ASM 61 : Found directive in column 1. (END)
